The system is: Windows - 10.0.22000 - AMD64
Compiling the C compiler identification source file "CMakeCCompilerId.c" succeeded.
Compiler: C:/Program Files (x86)/Microsoft Visual Studio/2019/Community/VC/Tools/MSVC/14.29.30133/bin/Hostx86/x64/cl.exe 
Build flags: 
Id flags:  

The output was:
0
x64 için Microsoft (R) C/C++ İyileştirmeli Derleyicisi Sürüm 19.29.30145
Telif Hakkı (C) Microsoft Corporation. Tüm hakları saklıdır.

CMakeCCompilerId.c
Microsoft (R) Incremental Linker Version 14.29.30145.0
Copyright (C) Microsoft Corporation.  All rights reserved.

/out:CMakeCCompilerId.exe 
CMakeCCompilerId.obj 


Compilation of the C compiler identification source "CMakeCCompilerId.c" produced "CMakeCCompilerId.exe"

Compilation of the C compiler identification source "CMakeCCompilerId.c" produced "CMakeCCompilerId.obj"

The C compiler identification is MSVC, found in "C:/Users/tanku/Documents/Projects/OpenGlDers/cmake-build-debug-visual-studio/CMakeFiles/3.22.3/CompilerIdC/CMakeCCompilerId.exe"

Compiling the CXX compiler identification source file "CMakeCXXCompilerId.cpp" succeeded.
Compiler: C:/Program Files (x86)/Microsoft Visual Studio/2019/Community/VC/Tools/MSVC/14.29.30133/bin/Hostx86/x64/cl.exe 
Build flags: 
Id flags:  

The output was:
0
x64 için Microsoft (R) C/C++ İyileştirmeli Derleyicisi Sürüm 19.29.30145
Telif Hakkı (C) Microsoft Corporation. Tüm hakları saklıdır.

CMakeCXXCompilerId.cpp
Microsoft (R) Incremental Linker Version 14.29.30145.0
Copyright (C) Microsoft Corporation.  All rights reserved.

/out:CMakeCXXCompilerId.exe 
CMakeCXXCompilerId.obj 


Compilation of the CXX compiler identification source "CMakeCXXCompilerId.cpp" produced "CMakeCXXCompilerId.exe"

Compilation of the CXX compiler identification source "CMakeCXXCompilerId.cpp" produced "CMakeCXXCompilerId.obj"

The CXX compiler identification is MSVC, found in "C:/Users/tanku/Documents/Projects/OpenGlDers/cmake-build-debug-visual-studio/CMakeFiles/3.22.3/CompilerIdCXX/CMakeCXXCompilerId.exe"

Detecting C compiler ABI info compiled with the following output:
Change Dir: C:/Users/tanku/Documents/Projects/OpenGlDers/cmake-build-debug-visual-studio/CMakeFiles/CMakeTmp

Run Build Command(s):nmake -f Makefile /nologo cmTC_cad59\fast && 	"C:\Program Files (x86)\Microsoft Visual Studio\2019\Community\VC\Tools\MSVC\14.29.30133\bin\HostX86\x64\nmake.exe"  -f CMakeFiles\cmTC_cad59.dir\build.make /nologo -L                  CMakeFiles\cmTC_cad59.dir\build
Building C object CMakeFiles/cmTC_cad59.dir/CMakeCCompilerABI.c.obj
	C:\Users\tanku\AppData\Local\JetBrains\Toolbox\apps\CLion\ch-0\221.5921.27\bin\cmake\win\bin\cmake.exe -E cmake_cl_compile_depends --dep-file=CMakeFiles\cmTC_cad59.dir\CMakeCCompilerABI.c.obj.d --working-dir=C:\Users\tanku\Documents\Projects\OpenGlDers\cmake-build-debug-visual-studio\CMakeFiles\CMakeTmp --filter-prefix="Not: eklenen dosya:  " -- C:\PROGRA~2\MICROS~3\2019\COMMUN~1\VC\Tools\MSVC\1429~1.301\bin\Hostx86\x64\cl.exe @C:\Users\tanku\AppData\Local\Temp\nmEA08.tmp
CMakeCCompilerABI.c
Linking C executable cmTC_cad59.exe
	C:\Users\tanku\AppData\Local\JetBrains\Toolbox\apps\CLion\ch-0\221.5921.27\bin\cmake\win\bin\cmake.exe -E vs_link_exe --intdir=CMakeFiles\cmTC_cad59.dir --rc=C:\PROGRA~2\WI3CF2~1\10\bin\100190~1.0\x86\rc.exe --mt=C:\PROGRA~2\WI3CF2~1\10\bin\100190~1.0\x86\mt.exe --manifests -- C:\PROGRA~2\MICROS~3\2019\COMMUN~1\VC\Tools\MSVC\1429~1.301\bin\Hostx86\x64\link.exe /nologo @CMakeFiles\cmTC_cad59.dir\objects1.rsp @C:\Users\tanku\AppData\Local\Temp\nmEB61.tmp



Detecting CXX compiler ABI info compiled with the following output:
Change Dir: C:/Users/tanku/Documents/Projects/OpenGlDers/cmake-build-debug-visual-studio/CMakeFiles/CMakeTmp

Run Build Command(s):nmake -f Makefile /nologo cmTC_2a3a2\fast && 	"C:\Program Files (x86)\Microsoft Visual Studio\2019\Community\VC\Tools\MSVC\14.29.30133\bin\HostX86\x64\nmake.exe"  -f CMakeFiles\cmTC_2a3a2.dir\build.make /nologo -L                  CMakeFiles\cmTC_2a3a2.dir\build
Building CXX object CMakeFiles/cmTC_2a3a2.dir/CMakeCXXCompilerABI.cpp.obj
	C:\Users\tanku\AppData\Local\JetBrains\Toolbox\apps\CLion\ch-0\221.5921.27\bin\cmake\win\bin\cmake.exe -E cmake_cl_compile_depends --dep-file=CMakeFiles\cmTC_2a3a2.dir\CMakeCXXCompilerABI.cpp.obj.d --working-dir=C:\Users\tanku\Documents\Projects\OpenGlDers\cmake-build-debug-visual-studio\CMakeFiles\CMakeTmp --filter-prefix="Not: eklenen dosya:  " -- C:\PROGRA~2\MICROS~3\2019\COMMUN~1\VC\Tools\MSVC\1429~1.301\bin\Hostx86\x64\cl.exe @C:\Users\tanku\AppData\Local\Temp\nmECB8.tmp
CMakeCXXCompilerABI.cpp
Linking CXX executable cmTC_2a3a2.exe
	C:\Users\tanku\AppData\Local\JetBrains\Toolbox\apps\CLion\ch-0\221.5921.27\bin\cmake\win\bin\cmake.exe -E vs_link_exe --intdir=CMakeFiles\cmTC_2a3a2.dir --rc=C:\PROGRA~2\WI3CF2~1\10\bin\100190~1.0\x86\rc.exe --mt=C:\PROGRA~2\WI3CF2~1\10\bin\100190~1.0\x86\mt.exe --manifests -- C:\PROGRA~2\MICROS~3\2019\COMMUN~1\VC\Tools\MSVC\1429~1.301\bin\Hostx86\x64\link.exe /nologo @CMakeFiles\cmTC_2a3a2.dir\objects1.rsp @C:\Users\tanku\AppData\Local\Temp\nmECF7.tmp



